\BOOKMARK [1][-]{section*.2}{Introduction}{}% 1
\BOOKMARK [1][-]{section*.3}{Related Work}{}% 2
\BOOKMARK [1][-]{section*.4}{Stakeholders}{}% 3
\BOOKMARK [2][-]{section*.5}{Museum Administrators}{section*.4}% 4
\BOOKMARK [1][-]{section*.6}{Users}{}% 5
\BOOKMARK [2][-]{section*.7}{Academic Groups}{section*.6}% 6
\BOOKMARK [2][-]{section*.8}{Families}{section*.6}% 7
\BOOKMARK [2][-]{section*.9}{General Public}{section*.6}% 8
\BOOKMARK [2][-]{section*.10}{Enthusiasts}{section*.6}% 9
\BOOKMARK [1][-]{section*.11}{Approach}{}% 10
\BOOKMARK [1][-]{section*.12}{User-Centered Design Methods}{}% 11
\BOOKMARK [2][-]{section*.13}{Participant Observation}{section*.12}% 12
\BOOKMARK [2][-]{section*.14}{Personas}{section*.12}% 13
\BOOKMARK [2][-]{section*.15}{Soft Prototypes}{section*.12}% 14
\BOOKMARK [3][-]{section*.16}{Prototype \0431}{section*.15}% 15
\BOOKMARK [3][-]{section*.19}{Prototype \0432}{section*.15}% 16
\BOOKMARK [3][-]{section*.22}{Prototype \0433}{section*.15}% 17
\BOOKMARK [2][-]{section*.25}{User Studies}{section*.12}% 18
\BOOKMARK [3][-]{section*.26}{User Study \0431}{section*.25}% 19
\BOOKMARK [3][-]{section*.28}{User Study \0432}{section*.25}% 20
\BOOKMARK [2][-]{section*.31}{Personas}{section*.12}% 21
\BOOKMARK [3][-]{section*.32}{Teacher - Tom Ryan}{section*.31}% 22
\BOOKMARK [3][-]{section*.33}{Student - Sally Crocker}{section*.31}% 23
\BOOKMARK [3][-]{section*.34}{Parent - Jan Davis}{section*.31}% 24
\BOOKMARK [3][-]{section*.35}{General Public - John Q. Public}{section*.31}% 25
\BOOKMARK [3][-]{section*.36}{Enthusiast - Arty Decker}{section*.31}% 26
\BOOKMARK [3][-]{section*.37}{Museum Admin - Marissa Curie}{section*.31}% 27
\BOOKMARK [1][-]{section*.38}{Prototype to Continue Further}{}% 28
\BOOKMARK [1][-]{section*.39}{Re-Design}{}% 29
\BOOKMARK [1][-]{section*.40}{System Details}{}% 30
\BOOKMARK [2][-]{section*.41}{Interaction Details}{section*.40}% 31
\BOOKMARK [2][-]{section*.42}{Architecture Details}{section*.40}% 32
\BOOKMARK [1][-]{section*.43}{User Evaluation}{}% 33
\BOOKMARK [1][-]{section*.44}{Gesture and Interaction Evaluation}{}% 34
\BOOKMARK [1][-]{section*.45}{Conclusions}{}% 35
\BOOKMARK [2][-]{section*.46}{Yongkang}{section*.45}% 36
\BOOKMARK [1][-]{section*.48}{Installation Instructions}{}% 37
